2021-01-28 09:13:44,786 Namespace(cfg='/home/GDDC-CV1/Desktop/CV-Semantic-Segmentation/HRNet-Semantic-Segmentation/experiments/seg_hrnet_w18_small_v1_512x1024_sgd_lr1e-2_wd5e-4_bs_12_epoch484.yaml', opts=[])
2021-01-28 09:13:44,786 AUTO_RESUME: False
CUDNN:
  BENCHMARK: True
  DETERMINISTIC: False
  ENABLED: True
DATASET:
  DATASET: urbanisation
  EXTRA_TRAIN_SET: 
  NUM_CLASSES: 2
  ROOT: /home/GDDC-CV1/Desktop/data_1024_hrnet/data/
  TEST_SET: list/urbanisation/val.lst
  TRAIN_SET: list/urbanisation/train.lst
DEBUG:
  DEBUG: False
  SAVE_BATCH_IMAGES_GT: False
  SAVE_BATCH_IMAGES_PRED: False
  SAVE_HEATMAPS_GT: False
  SAVE_HEATMAPS_PRED: False
GPUS: (0,)
LOG_DIR: log
LOSS:
  CLASS_BALANCE: True
  OHEMKEEP: 131072
  OHEMTHRES: 0.9
  USE_OHEM: False
MODEL:
  EXTRA:
    FINAL_CONV_KERNEL: 1
    STAGE1:
      BLOCK: BOTTLENECK
      FUSE_METHOD: SUM
      NUM_BLOCKS: [1]
      NUM_CHANNELS: [32]
      NUM_MODULES: 1
      NUM_RANCHES: 1
    STAGE2:
      BLOCK: BASIC
      FUSE_METHOD: SUM
      NUM_BLOCKS: [2, 2]
      NUM_BRANCHES: 2
      NUM_CHANNELS: [16, 32]
      NUM_MODULES: 1
    STAGE3:
      BLOCK: BASIC
      FUSE_METHOD: SUM
      NUM_BLOCKS: [2, 2, 2]
      NUM_BRANCHES: 3
      NUM_CHANNELS: [16, 32, 64]
      NUM_MODULES: 1
    STAGE4:
      BLOCK: BASIC
      FUSE_METHOD: SUM
      NUM_BLOCKS: [2, 2, 2, 2]
      NUM_BRANCHES: 4
      NUM_CHANNELS: [16, 32, 64, 128]
      NUM_MODULES: 1
  NAME: seg_hrnet
  PRETRAINED: /home/GDDC-CV1/Desktop/hrnet_w18_small_v1_cityscapes_cls19_1024x2048_trainset.pth
OUTPUT_DIR: output
PIN_MEMORY: True
PRINT_FREQ: 10
RANK: 0
TEST:
  BASE_SIZE: 2048
  BATCH_SIZE_PER_GPU: 4
  FLIP_TEST: False
  IMAGE_SIZE: [1024, 1024]
  MODEL_FILE: 
  MULTI_SCALE: False
  NUM_SAMPLES: 0
  SCALE_LIST: [1]
TRAIN:
  BASE_SIZE: 2048
  BATCH_SIZE_PER_GPU: 3
  BEGIN_EPOCH: 0
  DOWNSAMPLERATE: 1
  END_EPOCH: 3
  EXTRA_EPOCH: 0
  EXTRA_LR: 0.001
  FLIP: True
  IGNORE_LABEL: 255
  IMAGE_SIZE: [1024, 1024]
  LR: 0.01
  LR_FACTOR: 0.1
  LR_STEP: [90, 110]
  MOMENTUM: 0.9
  MULTI_SCALE: True
  NESTEROV: False
  NUM_SAMPLES: 0
  OPTIMIZER: sgd
  RESUME: True
  SCALE_FACTOR: 16
  SHUFFLE: True
  WD: 0.0005
WORKERS: 1
2021-01-28 09:13:44,819 => init weights from normal distribution
2021-01-28 09:13:47,067 => loading pretrained model /home/GDDC-CV1/Desktop/hrnet_w18_small_v1_cityscapes_cls19_1024x2048_trainset.pth
2021-01-28 09:13:47,505 
Total Parameters: 1,529,490
----------------------------------------------------------------------------------------------------------------------------------
Total Multiply Adds (For Convolution and Linear Layers only): 15.2998046875 GFLOPs
----------------------------------------------------------------------------------------------------------------------------------
Number of Layers
Conv2d : 73 layers   InPlaceABNSync : 72 layers   ReLU : 60 layers   Bottleneck : 1 layers   BasicBlock : 18 layers   HighResolutionModule : 3 layers   
